Connecting to database specified by database.yml
  [1m[36m (0.1ms)[0m  [1mselect sqlite_version(*)[0m
  [1m[35m (44.2ms)[0m  CREATE TABLE "schema_migrations" ("version" varchar(255) NOT NULL) 
  [1m[36m (0.2ms)[0m  [1mPRAGMA index_list("schema_migrations")[0m
  [1m[35m (17.7ms)[0m  CREATE UNIQUE INDEX "unique_schema_migrations" ON "schema_migrations" ("version")
  [1m[36m (0.2ms)[0m  [1mSELECT "schema_migrations"."version" FROM "schema_migrations" [0m
Migrating to CreateBases (20121124123243)
  [1m[35m (0.1ms)[0m  begin transaction
  [1m[36m (1.0ms)[0m  [1mCREATE TABLE "bases" ("id" INTEGER PRIMARY KEY AUTOINCREMENT NOT NULL, "created_at" datetime NOT NULL, "updated_at" datetime NOT NULL) [0m
  [1m[35m (0.2ms)[0m  INSERT INTO "schema_migrations" ("version") VALUES ('20121124123243')
  [1m[36m (15.6ms)[0m  [1mcommit transaction[0m
  [1m[35m (0.6ms)[0m  select sqlite_version(*)
  [1m[36m (0.2ms)[0m  [1mSELECT "schema_migrations"."version" FROM "schema_migrations" [0m
  [1m[35m (0.1ms)[0m  PRAGMA index_list("bases")


Started GET "/" for 127.0.0.1 at 2012-11-24 14:05:52 +0100
Connecting to database specified by database.yml

ActionController::RoutingError (uninitialized constant IndexController):
  activesupport (3.2.6) lib/active_support/inflector/methods.rb:229:in `block in constantize'
  activesupport (3.2.6) lib/active_support/inflector/methods.rb:228:in `each'
  activesupport (3.2.6) lib/active_support/inflector/methods.rb:228:in `constantize'
  actionpack (3.2.6) lib/action_dispatch/routing/route_set.rb:69:in `controller_reference'
  actionpack (3.2.6) lib/action_dispatch/routing/route_set.rb:54:in `controller'
  actionpack (3.2.6) lib/action_dispatch/routing/route_set.rb:32:in `call'
  journey (1.0.3) lib/journey/router.rb:68:in `block in call'
  journey (1.0.3) lib/journey/router.rb:56:in `each'
  journey (1.0.3) lib/journey/router.rb:56:in `call'
  actionpack (3.2.6) lib/action_dispatch/routing/route_set.rb:600:in `call'
  actionpack (3.2.6) lib/action_dispatch/middleware/best_standards_support.rb:17:in `call'
  rack (1.4.1) lib/rack/etag.rb:23:in `call'
  rack (1.4.1) lib/rack/conditionalget.rb:25:in `call'
  actionpack (3.2.6) lib/action_dispatch/middleware/head.rb:14:in `call'
  actionpack (3.2.6) lib/action_dispatch/middleware/params_parser.rb:21:in `call'
  actionpack (3.2.6) lib/action_dispatch/middleware/flash.rb:242:in `call'
  rack (1.4.1) lib/rack/session/abstract/id.rb:205:in `context'
  rack (1.4.1) lib/rack/session/abstract/id.rb:200:in `call'
  actionpack (3.2.6) lib/action_dispatch/middleware/cookies.rb:338:in `call'
  activerecord (3.2.6) lib/active_record/query_cache.rb:64:in `call'
  activerecord (3.2.6) lib/active_record/connection_adapters/abstract/connection_pool.rb:473:in `call'
  actionpack (3.2.6) lib/action_dispatch/middleware/callbacks.rb:28:in `block in call'
  activesupport (3.2.6) lib/active_support/callbacks.rb:405:in `_run__1971691223347618560__call__3987156159591477685__callbacks'
  activesupport (3.2.6) lib/active_support/callbacks.rb:405:in `__run_callback'
  activesupport (3.2.6) lib/active_support/callbacks.rb:385:in `_run_call_callbacks'
  activesupport (3.2.6) lib/active_support/callbacks.rb:81:in `run_callbacks'
  actionpack (3.2.6) lib/action_dispatch/middleware/callbacks.rb:27:in `call'
  actionpack (3.2.6) lib/action_dispatch/middleware/reloader.rb:65:in `call'
  actionpack (3.2.6) lib/action_dispatch/middleware/remote_ip.rb:31:in `call'
  actionpack (3.2.6) lib/action_dispatch/middleware/debug_exceptions.rb:16:in `call'
  actionpack (3.2.6) lib/action_dispatch/middleware/show_exceptions.rb:56:in `call'
  railties (3.2.6) lib/rails/rack/logger.rb:26:in `call_app'
  railties (3.2.6) lib/rails/rack/logger.rb:16:in `call'
  actionpack (3.2.6) lib/action_dispatch/middleware/request_id.rb:22:in `call'
  rack (1.4.1) lib/rack/methodoverride.rb:21:in `call'
  rack (1.4.1) lib/rack/runtime.rb:17:in `call'
  activesupport (3.2.6) lib/active_support/cache/strategy/local_cache.rb:72:in `call'
  rack (1.4.1) lib/rack/lock.rb:15:in `call'
  actionpack (3.2.6) lib/action_dispatch/middleware/static.rb:62:in `call'
  railties (3.2.6) lib/rails/engine.rb:479:in `call'
  railties (3.2.6) lib/rails/application.rb:220:in `call'
  rack (1.4.1) lib/rack/content_length.rb:14:in `call'
  railties (3.2.6) lib/rails/rack/log_tailer.rb:17:in `call'
  rack (1.4.1) lib/rack/handler/webrick.rb:59:in `service'
  /home/exenon/.rvm/rubies/ruby-1.9.3-p194/lib/ruby/1.9.1/webrick/httpserver.rb:138:in `service'
  /home/exenon/.rvm/rubies/ruby-1.9.3-p194/lib/ruby/1.9.1/webrick/httpserver.rb:94:in `run'
  /home/exenon/.rvm/rubies/ruby-1.9.3-p194/lib/ruby/1.9.1/webrick/server.rb:191:in `block in start_thread'


  Rendered /home/exenon/.rvm/gems/ruby-1.9.3-p194/gems/actionpack-3.2.6/lib/action_dispatch/middleware/templates/rescues/routing_error.erb within rescues/layout (2.0ms)


Started GET "/" for 127.0.0.1 at 2012-11-24 14:06:57 +0100
Connecting to database specified by database.yml
Processing by BaseController#index as HTML
  Rendered base/index.html.erb within layouts/application (1.6ms)
Compiled base.css  (19ms)  (pid 5507)
Compiled application.css  (25ms)  (pid 5507)
Compiled jquery.js  (1ms)  (pid 5507)
Compiled jquery_ujs.js  (0ms)  (pid 5507)
Compiled base.js  (140ms)  (pid 5507)
Compiled application.js  (177ms)  (pid 5507)
Completed 200 OK in 261ms (Views: 260.8ms | ActiveRecord: 0.0ms)


Started GET "/assets/application.css?body=1" for 127.0.0.1 at 2012-11-24 14:06:57 +0100
Served asset /application.css - 200 OK (4ms)


Started GET "/assets/jquery.js?body=1" for 127.0.0.1 at 2012-11-24 14:06:57 +0100
Served asset /jquery.js - 200 OK (33ms)


Started GET "/assets/base.css?body=1" for 127.0.0.1 at 2012-11-24 14:06:57 +0100
Served asset /base.css - 200 OK (3ms)


Started GET "/assets/base.js?body=1" for 127.0.0.1 at 2012-11-24 14:06:57 +0100
Served asset /base.js - 200 OK (1ms)


Started GET "/assets/jquery_ujs.js?body=1" for 127.0.0.1 at 2012-11-24 14:06:57 +0100
Served asset /jquery_ujs.js - 200 OK (1ms)


Started GET "/assets/application.js?body=1" for 127.0.0.1 at 2012-11-24 14:06:57 +0100
Served asset /application.js - 200 OK (5ms)


Started GET "/" for 127.0.0.1 at 2012-11-24 14:10:54 +0100
Processing by BaseController#index as HTML
  Rendered base/index.html.erb within layouts/application (0.0ms)
Completed 200 OK in 3ms (Views: 3.3ms | ActiveRecord: 0.0ms)


Started GET "/assets/application.css?body=1" for 127.0.0.1 at 2012-11-24 14:10:54 +0100
Served asset /application.css - 304 Not Modified (0ms)


Started GET "/assets/base.css?body=1" for 127.0.0.1 at 2012-11-24 14:10:54 +0100
Served asset /base.css - 304 Not Modified (0ms)


Started GET "/assets/jquery.js?body=1" for 127.0.0.1 at 2012-11-24 14:10:54 +0100
Served asset /jquery.js - 304 Not Modified (2ms)


Started GET "/assets/base.js?body=1" for 127.0.0.1 at 2012-11-24 14:10:54 +0100
Served asset /base.js - 304 Not Modified (0ms)


Started GET "/assets/jquery_ujs.js?body=1" for 127.0.0.1 at 2012-11-24 14:10:54 +0100
Served asset /jquery_ujs.js - 304 Not Modified (0ms)


Started GET "/assets/application.js?body=1" for 127.0.0.1 at 2012-11-24 14:10:54 +0100
Served asset /application.js - 304 Not Modified (1ms)


Started GET "/" for 127.0.0.1 at 2012-11-24 14:12:24 +0100
Processing by BaseController#index as HTML
  Rendered base/index.html.erb within layouts/application (0.0ms)
Completed 200 OK in 5ms (Views: 4.9ms | ActiveRecord: 0.0ms)


Started GET "/assets/application.css?body=1" for 127.0.0.1 at 2012-11-24 14:12:24 +0100
Served asset /application.css - 304 Not Modified (0ms)


Started GET "/assets/jquery.js?body=1" for 127.0.0.1 at 2012-11-24 14:12:24 +0100
Served asset /jquery.js - 304 Not Modified (7ms)


Started GET "/assets/base.css?body=1" for 127.0.0.1 at 2012-11-24 14:12:24 +0100
Served asset /base.css - 304 Not Modified (0ms)


Started GET "/assets/base.js?body=1" for 127.0.0.1 at 2012-11-24 14:12:24 +0100
Served asset /base.js - 304 Not Modified (0ms)


Started GET "/assets/jquery_ujs.js?body=1" for 127.0.0.1 at 2012-11-24 14:12:24 +0100
Served asset /jquery_ujs.js - 304 Not Modified (0ms)


Started GET "/assets/application.js?body=1" for 127.0.0.1 at 2012-11-24 14:12:24 +0100
Served asset /application.js - 304 Not Modified (1ms)


Started GET "/" for 127.0.0.1 at 2012-11-24 14:22:47 +0100
Connecting to database specified by database.yml
Processing by BaseController#index as HTML
  Rendered base/index.html.erb within layouts/application (1.4ms)
Completed 200 OK in 34ms (Views: 33.3ms | ActiveRecord: 0.0ms)


Started GET "/assets/application.css?body=1" for 127.0.0.1 at 2012-11-24 14:22:47 +0100
Served asset /application.css - 200 OK (3ms)


Started GET "/assets/base.css?body=1" for 127.0.0.1 at 2012-11-24 14:22:47 +0100
Served asset /base.css - 200 OK (23ms)


Started GET "/assets/application.js?body=1" for 127.0.0.1 at 2012-11-24 14:22:47 +0100
Served asset /application.js - 200 OK (16ms)


Started GET "/assets/jquery.js?body=1" for 127.0.0.1 at 2012-11-24 14:22:47 +0100
Served asset /jquery.js - 200 OK (2ms)


Started GET "/assets/jquery_ujs.js?body=1" for 127.0.0.1 at 2012-11-24 14:22:47 +0100
Served asset /jquery_ujs.js - 200 OK (2ms)


Started GET "/assets/base.js?body=1" for 127.0.0.1 at 2012-11-24 14:22:47 +0100
Served asset /base.js - 200 OK (2ms)


Started GET "/" for 87.88.138.207 at 2012-11-24 14:22:54 +0100
Processing by BaseController#index as HTML
  Rendered base/index.html.erb within layouts/application (0.1ms)
Completed 200 OK in 26ms (Views: 25.6ms | ActiveRecord: 0.0ms)


Started GET "/assets/application.css?body=1" for 87.88.138.207 at 2012-11-24 14:22:54 +0100
Served asset /application.css - 200 OK (1ms)


Started GET "/assets/base.css?body=1" for 87.88.138.207 at 2012-11-24 14:22:54 +0100
Served asset /base.css - 200 OK (0ms)


Started GET "/assets/jquery.js?body=1" for 87.88.138.207 at 2012-11-24 14:22:54 +0100
Served asset /jquery.js - 200 OK (1ms)


Started GET "/assets/jquery_ujs.js?body=1" for 87.88.138.207 at 2012-11-24 14:22:55 +0100
Served asset /jquery_ujs.js - 200 OK (0ms)


Started GET "/assets/base.js?body=1" for 87.88.138.207 at 2012-11-24 14:22:55 +0100
Served asset /base.js - 200 OK (0ms)


Started GET "/assets/application.js?body=1" for 87.88.138.207 at 2012-11-24 14:22:55 +0100
Served asset /application.js - 200 OK (3ms)


Started GET "/" for 87.88.138.207 at 2012-11-24 14:25:03 +0100
Processing by BaseController#index as HTML
  Rendered base/index.html.erb within layouts/application (0.1ms)
Completed 200 OK in 9ms (Views: 8.9ms | ActiveRecord: 0.0ms)


Started GET "/assets/application.css?body=1" for 87.88.138.207 at 2012-11-24 14:25:04 +0100
Served asset /application.css - 304 Not Modified (0ms)


Started GET "/assets/base.css?body=1" for 87.88.138.207 at 2012-11-24 14:25:04 +0100
Served asset /base.css - 304 Not Modified (0ms)


Started GET "/assets/jquery.js?body=1" for 87.88.138.207 at 2012-11-24 14:25:04 +0100
Served asset /jquery.js - 304 Not Modified (7ms)


Started GET "/assets/jquery_ujs.js?body=1" for 87.88.138.207 at 2012-11-24 14:25:04 +0100
Served asset /jquery_ujs.js - 304 Not Modified (5ms)


Started GET "/assets/base.js?body=1" for 87.88.138.207 at 2012-11-24 14:25:04 +0100
Served asset /base.js - 304 Not Modified (0ms)


Started GET "/assets/application.js?body=1" for 87.88.138.207 at 2012-11-24 14:25:04 +0100
Served asset /application.js - 304 Not Modified (2ms)
Connecting to database specified by database.yml


Started GET "/" for 127.0.0.1 at 2012-11-24 15:49:00 +0100
Connecting to database specified by database.yml

SyntaxError (/home/exenon/perso/moving-bits/rails/moving-bits/app/controllers/base_controller.rb:7: syntax error, unexpected tASSOC, expecting ')'
...t.authirazation_uri ( :scope => [:email, :read_stream, :offl...
...                               ^
/home/exenon/perso/moving-bits/rails/moving-bits/app/controllers/base_controller.rb:12: syntax error, unexpected tSYMBEG, expecting keyword_end
..._token = client.access_token! :client_auth_body # => Rack::O...
...                               ^
/home/exenon/perso/moving-bits/rails/moving-bits/app/controllers/base_controller.rb:17: syntax error, unexpected $end, expecting keyword_end):
  activesupport (3.2.6) lib/active_support/dependencies.rb:469:in `load'
  activesupport (3.2.6) lib/active_support/dependencies.rb:469:in `block in load_file'
  activesupport (3.2.6) lib/active_support/dependencies.rb:639:in `new_constants_in'
  activesupport (3.2.6) lib/active_support/dependencies.rb:468:in `load_file'
  activesupport (3.2.6) lib/active_support/dependencies.rb:353:in `require_or_load'
  activesupport (3.2.6) lib/active_support/dependencies.rb:502:in `load_missing_constant'
  activesupport (3.2.6) lib/active_support/dependencies.rb:192:in `block in const_missing'
  activesupport (3.2.6) lib/active_support/dependencies.rb:190:in `each'
  activesupport (3.2.6) lib/active_support/dependencies.rb:190:in `const_missing'
  activesupport (3.2.6) lib/active_support/inflector/methods.rb:229:in `block in constantize'
  activesupport (3.2.6) lib/active_support/inflector/methods.rb:228:in `each'
  activesupport (3.2.6) lib/active_support/inflector/methods.rb:228:in `constantize'
  activesupport (3.2.6) lib/active_support/dependencies.rb:554:in `get'
  actionpack (3.2.6) lib/action_dispatch/routing/route_set.rb:69:in `controller_reference'
  actionpack (3.2.6) lib/action_dispatch/routing/route_set.rb:54:in `controller'
  actionpack (3.2.6) lib/action_dispatch/routing/route_set.rb:32:in `call'
  journey (1.0.3) lib/journey/router.rb:68:in `block in call'
  journey (1.0.3) lib/journey/router.rb:56:in `each'
  journey (1.0.3) lib/journey/router.rb:56:in `call'
  actionpack (3.2.6) lib/action_dispatch/routing/route_set.rb:600:in `call'
  actionpack (3.2.6) lib/action_dispatch/middleware/best_standards_support.rb:17:in `call'
  rack (1.4.1) lib/rack/etag.rb:23:in `call'
  rack (1.4.1) lib/rack/conditionalget.rb:25:in `call'
  actionpack (3.2.6) lib/action_dispatch/middleware/head.rb:14:in `call'
  actionpack (3.2.6) lib/action_dispatch/middleware/params_parser.rb:21:in `call'
  actionpack (3.2.6) lib/action_dispatch/middleware/flash.rb:242:in `call'
  rack (1.4.1) lib/rack/session/abstract/id.rb:205:in `context'
  rack (1.4.1) lib/rack/session/abstract/id.rb:200:in `call'
  actionpack (3.2.6) lib/action_dispatch/middleware/cookies.rb:338:in `call'
  activerecord (3.2.6) lib/active_record/query_cache.rb:64:in `call'
  activerecord (3.2.6) lib/active_record/connection_adapters/abstract/connection_pool.rb:473:in `call'
  actionpack (3.2.6) lib/action_dispatch/middleware/callbacks.rb:28:in `block in call'
  activesupport (3.2.6) lib/active_support/callbacks.rb:405:in `_run__54168999743348__call__3111143177411613078__callbacks'
  activesupport (3.2.6) lib/active_support/callbacks.rb:405:in `__run_callback'
  activesupport (3.2.6) lib/active_support/callbacks.rb:385:in `_run_call_callbacks'
  activesupport (3.2.6) lib/active_support/callbacks.rb:81:in `run_callbacks'
  actionpack (3.2.6) lib/action_dispatch/middleware/callbacks.rb:27:in `call'
  actionpack (3.2.6) lib/action_dispatch/middleware/reloader.rb:65:in `call'
  actionpack (3.2.6) lib/action_dispatch/middleware/remote_ip.rb:31:in `call'
  actionpack (3.2.6) lib/action_dispatch/middleware/debug_exceptions.rb:16:in `call'
  actionpack (3.2.6) lib/action_dispatch/middleware/show_exceptions.rb:56:in `call'
  railties (3.2.6) lib/rails/rack/logger.rb:26:in `call_app'
  railties (3.2.6) lib/rails/rack/logger.rb:16:in `call'
  actionpack (3.2.6) lib/action_dispatch/middleware/request_id.rb:22:in `call'
  rack (1.4.1) lib/rack/methodoverride.rb:21:in `call'
  rack (1.4.1) lib/rack/runtime.rb:17:in `call'
  activesupport (3.2.6) lib/active_support/cache/strategy/local_cache.rb:72:in `call'
  rack (1.4.1) lib/rack/lock.rb:15:in `call'
  actionpack (3.2.6) lib/action_dispatch/middleware/static.rb:62:in `call'
  railties (3.2.6) lib/rails/engine.rb:479:in `call'
  railties (3.2.6) lib/rails/application.rb:220:in `call'
  rack (1.4.1) lib/rack/content_length.rb:14:in `call'
  railties (3.2.6) lib/rails/rack/log_tailer.rb:17:in `call'
  rack (1.4.1) lib/rack/handler/webrick.rb:59:in `service'
  /home/exenon/.rvm/rubies/ruby-1.9.3-p194/lib/ruby/1.9.1/webrick/httpserver.rb:138:in `service'
  /home/exenon/.rvm/rubies/ruby-1.9.3-p194/lib/ruby/1.9.1/webrick/httpserver.rb:94:in `run'
  /home/exenon/.rvm/rubies/ruby-1.9.3-p194/lib/ruby/1.9.1/webrick/server.rb:191:in `block in start_thread'


  Rendered /home/exenon/.rvm/gems/ruby-1.9.3-p194/gems/actionpack-3.2.6/lib/action_dispatch/middleware/templates/rescues/_trace.erb (2.2ms)
  Rendered /home/exenon/.rvm/gems/ruby-1.9.3-p194/gems/actionpack-3.2.6/lib/action_dispatch/middleware/templates/rescues/_request_and_response.erb (2.2ms)
  Rendered /home/exenon/.rvm/gems/ruby-1.9.3-p194/gems/actionpack-3.2.6/lib/action_dispatch/middleware/templates/rescues/diagnostics.erb within rescues/layout (20.4ms)


Started GET "/" for 127.0.0.1 at 2012-11-24 15:49:38 +0100

SyntaxError (/home/exenon/perso/moving-bits/rails/moving-bits/app/controllers/base_controller.rb:7: syntax error, unexpected tASSOC, expecting ')'
...t.authorisation_uri ( :scope => [:email, :read_stream, :offl...
...                               ^
/home/exenon/perso/moving-bits/rails/moving-bits/app/controllers/base_controller.rb:12: syntax error, unexpected tSYMBEG, expecting keyword_end
..._token = client.access_token! :client_auth_body # => Rack::O...
...                               ^
/home/exenon/perso/moving-bits/rails/moving-bits/app/controllers/base_controller.rb:17: syntax error, unexpected $end, expecting keyword_end):
  activesupport (3.2.6) lib/active_support/dependencies.rb:469:in `load'
  activesupport (3.2.6) lib/active_support/dependencies.rb:469:in `block in load_file'
  activesupport (3.2.6) lib/active_support/dependencies.rb:639:in `new_constants_in'
  activesupport (3.2.6) lib/active_support/dependencies.rb:468:in `load_file'
  activesupport (3.2.6) lib/active_support/dependencies.rb:353:in `require_or_load'
  activesupport (3.2.6) lib/active_support/dependencies.rb:502:in `load_missing_constant'
  activesupport (3.2.6) lib/active_support/dependencies.rb:192:in `block in const_missing'
  activesupport (3.2.6) lib/active_support/dependencies.rb:190:in `each'
  activesupport (3.2.6) lib/active_support/dependencies.rb:190:in `const_missing'
  activesupport (3.2.6) lib/active_support/inflector/methods.rb:229:in `block in constantize'
  activesupport (3.2.6) lib/active_support/inflector/methods.rb:228:in `each'
  activesupport (3.2.6) lib/active_support/inflector/methods.rb:228:in `constantize'
  activesupport (3.2.6) lib/active_support/dependencies.rb:554:in `get'
  actionpack (3.2.6) lib/action_dispatch/routing/route_set.rb:69:in `controller_reference'
  actionpack (3.2.6) lib/action_dispatch/routing/route_set.rb:54:in `controller'
  actionpack (3.2.6) lib/action_dispatch/routing/route_set.rb:32:in `call'
  journey (1.0.3) lib/journey/router.rb:68:in `block in call'
  journey (1.0.3) lib/journey/router.rb:56:in `each'
  journey (1.0.3) lib/journey/router.rb:56:in `call'
  actionpack (3.2.6) lib/action_dispatch/routing/route_set.rb:600:in `call'
  actionpack (3.2.6) lib/action_dispatch/middleware/best_standards_support.rb:17:in `call'
  rack (1.4.1) lib/rack/etag.rb:23:in `call'
  rack (1.4.1) lib/rack/conditionalget.rb:25:in `call'
  actionpack (3.2.6) lib/action_dispatch/middleware/head.rb:14:in `call'
  actionpack (3.2.6) lib/action_dispatch/middleware/params_parser.rb:21:in `call'
  actionpack (3.2.6) lib/action_dispatch/middleware/flash.rb:242:in `call'
  rack (1.4.1) lib/rack/session/abstract/id.rb:205:in `context'
  rack (1.4.1) lib/rack/session/abstract/id.rb:200:in `call'
  actionpack (3.2.6) lib/action_dispatch/middleware/cookies.rb:338:in `call'
  activerecord (3.2.6) lib/active_record/query_cache.rb:64:in `call'
  activerecord (3.2.6) lib/active_record/connection_adapters/abstract/connection_pool.rb:473:in `call'
  actionpack (3.2.6) lib/action_dispatch/middleware/callbacks.rb:28:in `block in call'
  activesupport (3.2.6) lib/active_support/callbacks.rb:405:in `_run__54168999743348__call__3111143177411613078__callbacks'
  activesupport (3.2.6) lib/active_support/callbacks.rb:405:in `__run_callback'
  activesupport (3.2.6) lib/active_support/callbacks.rb:385:in `_run_call_callbacks'
  activesupport (3.2.6) lib/active_support/callbacks.rb:81:in `run_callbacks'
  actionpack (3.2.6) lib/action_dispatch/middleware/callbacks.rb:27:in `call'
  actionpack (3.2.6) lib/action_dispatch/middleware/reloader.rb:65:in `call'
  actionpack (3.2.6) lib/action_dispatch/middleware/remote_ip.rb:31:in `call'
  actionpack (3.2.6) lib/action_dispatch/middleware/debug_exceptions.rb:16:in `call'
  actionpack (3.2.6) lib/action_dispatch/middleware/show_exceptions.rb:56:in `call'
  railties (3.2.6) lib/rails/rack/logger.rb:26:in `call_app'
  railties (3.2.6) lib/rails/rack/logger.rb:16:in `call'
  actionpack (3.2.6) lib/action_dispatch/middleware/request_id.rb:22:in `call'
  rack (1.4.1) lib/rack/methodoverride.rb:21:in `call'
  rack (1.4.1) lib/rack/runtime.rb:17:in `call'
  activesupport (3.2.6) lib/active_support/cache/strategy/local_cache.rb:72:in `call'
  rack (1.4.1) lib/rack/lock.rb:15:in `call'
  actionpack (3.2.6) lib/action_dispatch/middleware/static.rb:62:in `call'
  railties (3.2.6) lib/rails/engine.rb:479:in `call'
  railties (3.2.6) lib/rails/application.rb:220:in `call'
  rack (1.4.1) lib/rack/content_length.rb:14:in `call'
  railties (3.2.6) lib/rails/rack/log_tailer.rb:17:in `call'
  rack (1.4.1) lib/rack/handler/webrick.rb:59:in `service'
  /home/exenon/.rvm/rubies/ruby-1.9.3-p194/lib/ruby/1.9.1/webrick/httpserver.rb:138:in `service'
  /home/exenon/.rvm/rubies/ruby-1.9.3-p194/lib/ruby/1.9.1/webrick/httpserver.rb:94:in `run'
  /home/exenon/.rvm/rubies/ruby-1.9.3-p194/lib/ruby/1.9.1/webrick/server.rb:191:in `block in start_thread'


  Rendered /home/exenon/.rvm/gems/ruby-1.9.3-p194/gems/actionpack-3.2.6/lib/action_dispatch/middleware/templates/rescues/_trace.erb (1.8ms)
  Rendered /home/exenon/.rvm/gems/ruby-1.9.3-p194/gems/actionpack-3.2.6/lib/action_dispatch/middleware/templates/rescues/_request_and_response.erb (17.7ms)
  Rendered /home/exenon/.rvm/gems/ruby-1.9.3-p194/gems/actionpack-3.2.6/lib/action_dispatch/middleware/templates/rescues/diagnostics.erb within rescues/layout (24.2ms)


Started GET "/" for 127.0.0.1 at 2012-11-24 15:49:39 +0100

SyntaxError (/home/exenon/perso/moving-bits/rails/moving-bits/app/controllers/base_controller.rb:7: syntax error, unexpected tASSOC, expecting ')'
...t.authorisation_uri ( :scope => [:email, :read_stream, :offl...
...                               ^
/home/exenon/perso/moving-bits/rails/moving-bits/app/controllers/base_controller.rb:12: syntax error, unexpected tSYMBEG, expecting keyword_end
..._token = client.access_token! :client_auth_body # => Rack::O...
...                               ^
/home/exenon/perso/moving-bits/rails/moving-bits/app/controllers/base_controller.rb:17: syntax error, unexpected $end, expecting keyword_end):
  activesupport (3.2.6) lib/active_support/dependencies.rb:469:in `load'
  activesupport (3.2.6) lib/active_support/dependencies.rb:469:in `block in load_file'
  activesupport (3.2.6) lib/active_support/dependencies.rb:639:in `new_constants_in'
  activesupport (3.2.6) lib/active_support/dependencies.rb:468:in `load_file'
  activesupport (3.2.6) lib/active_support/dependencies.rb:353:in `require_or_load'
  activesupport (3.2.6) lib/active_support/dependencies.rb:502:in `load_missing_constant'
  activesupport (3.2.6) lib/active_support/dependencies.rb:192:in `block in const_missing'
  activesupport (3.2.6) lib/active_support/dependencies.rb:190:in `each'
  activesupport (3.2.6) lib/active_support/dependencies.rb:190:in `const_missing'
  activesupport (3.2.6) lib/active_support/inflector/methods.rb:229:in `block in constantize'
  activesupport (3.2.6) lib/active_support/inflector/methods.rb:228:in `each'
  activesupport (3.2.6) lib/active_support/inflector/methods.rb:228:in `constantize'
  activesupport (3.2.6) lib/active_support/dependencies.rb:554:in `get'
  actionpack (3.2.6) lib/action_dispatch/routing/route_set.rb:69:in `controller_reference'
  actionpack (3.2.6) lib/action_dispatch/routing/route_set.rb:54:in `controller'
  actionpack (3.2.6) lib/action_dispatch/routing/route_set.rb:32:in `call'
  journey (1.0.3) lib/journey/router.rb:68:in `block in call'
  journey (1.0.3) lib/journey/router.rb:56:in `each'
  journey (1.0.3) lib/journey/router.rb:56:in `call'
  actionpack (3.2.6) lib/action_dispatch/routing/route_set.rb:600:in `call'
  actionpack (3.2.6) lib/action_dispatch/middleware/best_standards_support.rb:17:in `call'
  rack (1.4.1) lib/rack/etag.rb:23:in `call'
  rack (1.4.1) lib/rack/conditionalget.rb:25:in `call'
  actionpack (3.2.6) lib/action_dispatch/middleware/head.rb:14:in `call'
  actionpack (3.2.6) lib/action_dispatch/middleware/params_parser.rb:21:in `call'
  actionpack (3.2.6) lib/action_dispatch/middleware/flash.rb:242:in `call'
  rack (1.4.1) lib/rack/session/abstract/id.rb:205:in `context'
  rack (1.4.1) lib/rack/session/abstract/id.rb:200:in `call'
  actionpack (3.2.6) lib/action_dispatch/middleware/cookies.rb:338:in `call'
  activerecord (3.2.6) lib/active_record/query_cache.rb:64:in `call'
  activerecord (3.2.6) lib/active_record/connection_adapters/abstract/connection_pool.rb:473:in `call'
  actionpack (3.2.6) lib/action_dispatch/middleware/callbacks.rb:28:in `block in call'
  activesupport (3.2.6) lib/active_support/callbacks.rb:405:in `_run__54168999743348__call__3111143177411613078__callbacks'
  activesupport (3.2.6) lib/active_support/callbacks.rb:405:in `__run_callback'
  activesupport (3.2.6) lib/active_support/callbacks.rb:385:in `_run_call_callbacks'
  activesupport (3.2.6) lib/active_support/callbacks.rb:81:in `run_callbacks'
  actionpack (3.2.6) lib/action_dispatch/middleware/callbacks.rb:27:in `call'
  actionpack (3.2.6) lib/action_dispatch/middleware/reloader.rb:65:in `call'
  actionpack (3.2.6) lib/action_dispatch/middleware/remote_ip.rb:31:in `call'
  actionpack (3.2.6) lib/action_dispatch/middleware/debug_exceptions.rb:16:in `call'
  actionpack (3.2.6) lib/action_dispatch/middleware/show_exceptions.rb:56:in `call'
  railties (3.2.6) lib/rails/rack/logger.rb:26:in `call_app'
  railties (3.2.6) lib/rails/rack/logger.rb:16:in `call'
  actionpack (3.2.6) lib/action_dispatch/middleware/request_id.rb:22:in `call'
  rack (1.4.1) lib/rack/methodoverride.rb:21:in `call'
  rack (1.4.1) lib/rack/runtime.rb:17:in `call'
  activesupport (3.2.6) lib/active_support/cache/strategy/local_cache.rb:72:in `call'
  rack (1.4.1) lib/rack/lock.rb:15:in `call'
  actionpack (3.2.6) lib/action_dispatch/middleware/static.rb:62:in `call'
  railties (3.2.6) lib/rails/engine.rb:479:in `call'
  railties (3.2.6) lib/rails/application.rb:220:in `call'
  rack (1.4.1) lib/rack/content_length.rb:14:in `call'
  railties (3.2.6) lib/rails/rack/log_tailer.rb:17:in `call'
  rack (1.4.1) lib/rack/handler/webrick.rb:59:in `service'
  /home/exenon/.rvm/rubies/ruby-1.9.3-p194/lib/ruby/1.9.1/webrick/httpserver.rb:138:in `service'
  /home/exenon/.rvm/rubies/ruby-1.9.3-p194/lib/ruby/1.9.1/webrick/httpserver.rb:94:in `run'
  /home/exenon/.rvm/rubies/ruby-1.9.3-p194/lib/ruby/1.9.1/webrick/server.rb:191:in `block in start_thread'


  Rendered /home/exenon/.rvm/gems/ruby-1.9.3-p194/gems/actionpack-3.2.6/lib/action_dispatch/middleware/templates/rescues/_trace.erb (2.2ms)
  Rendered /home/exenon/.rvm/gems/ruby-1.9.3-p194/gems/actionpack-3.2.6/lib/action_dispatch/middleware/templates/rescues/_request_and_response.erb (1.0ms)
  Rendered /home/exenon/.rvm/gems/ruby-1.9.3-p194/gems/actionpack-3.2.6/lib/action_dispatch/middleware/templates/rescues/diagnostics.erb within rescues/layout (7.7ms)


Started GET "/" for 127.0.0.1 at 2012-11-24 15:50:07 +0100

SyntaxError (/home/exenon/perso/moving-bits/rails/moving-bits/app/controllers/base_controller.rb:13: syntax error, unexpected tSYMBEG, expecting keyword_end
..._token = client.access_token! :client_auth_body # => Rack::O...
...                               ^):
  activesupport (3.2.6) lib/active_support/dependencies.rb:469:in `load'
  activesupport (3.2.6) lib/active_support/dependencies.rb:469:in `block in load_file'
  activesupport (3.2.6) lib/active_support/dependencies.rb:639:in `new_constants_in'
  activesupport (3.2.6) lib/active_support/dependencies.rb:468:in `load_file'
  activesupport (3.2.6) lib/active_support/dependencies.rb:353:in `require_or_load'
  activesupport (3.2.6) lib/active_support/dependencies.rb:502:in `load_missing_constant'
  activesupport (3.2.6) lib/active_support/dependencies.rb:192:in `block in const_missing'
  activesupport (3.2.6) lib/active_support/dependencies.rb:190:in `each'
  activesupport (3.2.6) lib/active_support/dependencies.rb:190:in `const_missing'
  activesupport (3.2.6) lib/active_support/inflector/methods.rb:229:in `block in constantize'
  activesupport (3.2.6) lib/active_support/inflector/methods.rb:228:in `each'
  activesupport (3.2.6) lib/active_support/inflector/methods.rb:228:in `constantize'
  activesupport (3.2.6) lib/active_support/dependencies.rb:554:in `get'
  actionpack (3.2.6) lib/action_dispatch/routing/route_set.rb:69:in `controller_reference'
  actionpack (3.2.6) lib/action_dispatch/routing/route_set.rb:54:in `controller'
  actionpack (3.2.6) lib/action_dispatch/routing/route_set.rb:32:in `call'
  journey (1.0.3) lib/journey/router.rb:68:in `block in call'
  journey (1.0.3) lib/journey/router.rb:56:in `each'
  journey (1.0.3) lib/journey/router.rb:56:in `call'
  actionpack (3.2.6) lib/action_dispatch/routing/route_set.rb:600:in `call'
  actionpack (3.2.6) lib/action_dispatch/middleware/best_standards_support.rb:17:in `call'
  rack (1.4.1) lib/rack/etag.rb:23:in `call'
  rack (1.4.1) lib/rack/conditionalget.rb:25:in `call'
  actionpack (3.2.6) lib/action_dispatch/middleware/head.rb:14:in `call'
  actionpack (3.2.6) lib/action_dispatch/middleware/params_parser.rb:21:in `call'
  actionpack (3.2.6) lib/action_dispatch/middleware/flash.rb:242:in `call'
  rack (1.4.1) lib/rack/session/abstract/id.rb:205:in `context'
  rack (1.4.1) lib/rack/session/abstract/id.rb:200:in `call'
  actionpack (3.2.6) lib/action_dispatch/middleware/cookies.rb:338:in `call'
  activerecord (3.2.6) lib/active_record/query_cache.rb:64:in `call'
  activerecord (3.2.6) lib/active_record/connection_adapters/abstract/connection_pool.rb:473:in `call'
  actionpack (3.2.6) lib/action_dispatch/middleware/callbacks.rb:28:in `block in call'
  activesupport (3.2.6) lib/active_support/callbacks.rb:405:in `_run__54168999743348__call__3111143177411613078__callbacks'
  activesupport (3.2.6) lib/active_support/callbacks.rb:405:in `__run_callback'
  activesupport (3.2.6) lib/active_support/callbacks.rb:385:in `_run_call_callbacks'
  activesupport (3.2.6) lib/active_support/callbacks.rb:81:in `run_callbacks'
  actionpack (3.2.6) lib/action_dispatch/middleware/callbacks.rb:27:in `call'
  actionpack (3.2.6) lib/action_dispatch/middleware/reloader.rb:65:in `call'
  actionpack (3.2.6) lib/action_dispatch/middleware/remote_ip.rb:31:in `call'
  actionpack (3.2.6) lib/action_dispatch/middleware/debug_exceptions.rb:16:in `call'
  actionpack (3.2.6) lib/action_dispatch/middleware/show_exceptions.rb:56:in `call'
  railties (3.2.6) lib/rails/rack/logger.rb:26:in `call_app'
  railties (3.2.6) lib/rails/rack/logger.rb:16:in `call'
  actionpack (3.2.6) lib/action_dispatch/middleware/request_id.rb:22:in `call'
  rack (1.4.1) lib/rack/methodoverride.rb:21:in `call'
  rack (1.4.1) lib/rack/runtime.rb:17:in `call'
  activesupport (3.2.6) lib/active_support/cache/strategy/local_cache.rb:72:in `call'
  rack (1.4.1) lib/rack/lock.rb:15:in `call'
  actionpack (3.2.6) lib/action_dispatch/middleware/static.rb:62:in `call'
  railties (3.2.6) lib/rails/engine.rb:479:in `call'
  railties (3.2.6) lib/rails/application.rb:220:in `call'
  rack (1.4.1) lib/rack/content_length.rb:14:in `call'
  railties (3.2.6) lib/rails/rack/log_tailer.rb:17:in `call'
  rack (1.4.1) lib/rack/handler/webrick.rb:59:in `service'
  /home/exenon/.rvm/rubies/ruby-1.9.3-p194/lib/ruby/1.9.1/webrick/httpserver.rb:138:in `service'
  /home/exenon/.rvm/rubies/ruby-1.9.3-p194/lib/ruby/1.9.1/webrick/httpserver.rb:94:in `run'
  /home/exenon/.rvm/rubies/ruby-1.9.3-p194/lib/ruby/1.9.1/webrick/server.rb:191:in `block in start_thread'


  Rendered /home/exenon/.rvm/gems/ruby-1.9.3-p194/gems/actionpack-3.2.6/lib/action_dispatch/middleware/templates/rescues/_trace.erb (2.1ms)
  Rendered /home/exenon/.rvm/gems/ruby-1.9.3-p194/gems/actionpack-3.2.6/lib/action_dispatch/middleware/templates/rescues/_request_and_response.erb (0.9ms)
  Rendered /home/exenon/.rvm/gems/ruby-1.9.3-p194/gems/actionpack-3.2.6/lib/action_dispatch/middleware/templates/rescues/diagnostics.erb within rescues/layout (8.1ms)


Started GET "/" for 127.0.0.1 at 2012-11-24 15:51:10 +0100
Processing by BaseController#index as HTML
Completed 500 Internal Server Error in 1ms

NameError (undefined local variable or method `fb_auth' for #<BaseController:0x007f8ed0d760e8>):
  app/controllers/base_controller.rb:4:in `index'


  Rendered /home/exenon/.rvm/gems/ruby-1.9.3-p194/gems/actionpack-3.2.6/lib/action_dispatch/middleware/templates/rescues/_trace.erb (2.1ms)
  Rendered /home/exenon/.rvm/gems/ruby-1.9.3-p194/gems/actionpack-3.2.6/lib/action_dispatch/middleware/templates/rescues/_request_and_response.erb (0.8ms)
  Rendered /home/exenon/.rvm/gems/ruby-1.9.3-p194/gems/actionpack-3.2.6/lib/action_dispatch/middleware/templates/rescues/diagnostics.erb within rescues/layout (7.4ms)


Started GET "/" for 127.0.0.1 at 2012-11-24 15:52:54 +0100

SyntaxError (/home/exenon/perso/moving-bits/rails/moving-bits/app/controllers/base_controller.rb:4: syntax error, unexpected ')', expecting keyword_end):
  activesupport (3.2.6) lib/active_support/dependencies.rb:469:in `load'
  activesupport (3.2.6) lib/active_support/dependencies.rb:469:in `block in load_file'
  activesupport (3.2.6) lib/active_support/dependencies.rb:639:in `new_constants_in'
  activesupport (3.2.6) lib/active_support/dependencies.rb:468:in `load_file'
  activesupport (3.2.6) lib/active_support/dependencies.rb:353:in `require_or_load'
  activesupport (3.2.6) lib/active_support/dependencies.rb:502:in `load_missing_constant'
  activesupport (3.2.6) lib/active_support/dependencies.rb:192:in `block in const_missing'
  activesupport (3.2.6) lib/active_support/dependencies.rb:190:in `each'
  activesupport (3.2.6) lib/active_support/dependencies.rb:190:in `const_missing'
  activesupport (3.2.6) lib/active_support/inflector/methods.rb:229:in `block in constantize'
  activesupport (3.2.6) lib/active_support/inflector/methods.rb:228:in `each'
  activesupport (3.2.6) lib/active_support/inflector/methods.rb:228:in `constantize'
  activesupport (3.2.6) lib/active_support/dependencies.rb:554:in `get'
  actionpack (3.2.6) lib/action_dispatch/routing/route_set.rb:69:in `controller_reference'
  actionpack (3.2.6) lib/action_dispatch/routing/route_set.rb:54:in `controller'
  actionpack (3.2.6) lib/action_dispatch/routing/route_set.rb:32:in `call'
  journey (1.0.3) lib/journey/router.rb:68:in `block in call'
  journey (1.0.3) lib/journey/router.rb:56:in `each'
  journey (1.0.3) lib/journey/router.rb:56:in `call'
  actionpack (3.2.6) lib/action_dispatch/routing/route_set.rb:600:in `call'
  actionpack (3.2.6) lib/action_dispatch/middleware/best_standards_support.rb:17:in `call'
  rack (1.4.1) lib/rack/etag.rb:23:in `call'
  rack (1.4.1) lib/rack/conditionalget.rb:25:in `call'
  actionpack (3.2.6) lib/action_dispatch/middleware/head.rb:14:in `call'
  actionpack (3.2.6) lib/action_dispatch/middleware/params_parser.rb:21:in `call'
  actionpack (3.2.6) lib/action_dispatch/middleware/flash.rb:242:in `call'
  rack (1.4.1) lib/rack/session/abstract/id.rb:205:in `context'
  rack (1.4.1) lib/rack/session/abstract/id.rb:200:in `call'
  actionpack (3.2.6) lib/action_dispatch/middleware/cookies.rb:338:in `call'
  activerecord (3.2.6) lib/active_record/query_cache.rb:64:in `call'
  activerecord (3.2.6) lib/active_record/connection_adapters/abstract/connection_pool.rb:473:in `call'
  actionpack (3.2.6) lib/action_dispatch/middleware/callbacks.rb:28:in `block in call'
  activesupport (3.2.6) lib/active_support/callbacks.rb:405:in `_run__54168999743348__call__3111143177411613078__callbacks'
  activesupport (3.2.6) lib/active_support/callbacks.rb:405:in `__run_callback'
  activesupport (3.2.6) lib/active_support/callbacks.rb:385:in `_run_call_callbacks'
  activesupport (3.2.6) lib/active_support/callbacks.rb:81:in `run_callbacks'
  actionpack (3.2.6) lib/action_dispatch/middleware/callbacks.rb:27:in `call'
  actionpack (3.2.6) lib/action_dispatch/middleware/reloader.rb:65:in `call'
  actionpack (3.2.6) lib/action_dispatch/middleware/remote_ip.rb:31:in `call'
  actionpack (3.2.6) lib/action_dispatch/middleware/debug_exceptions.rb:16:in `call'
  actionpack (3.2.6) lib/action_dispatch/middleware/show_exceptions.rb:56:in `call'
  railties (3.2.6) lib/rails/rack/logger.rb:26:in `call_app'
  railties (3.2.6) lib/rails/rack/logger.rb:16:in `call'
  actionpack (3.2.6) lib/action_dispatch/middleware/request_id.rb:22:in `call'
  rack (1.4.1) lib/rack/methodoverride.rb:21:in `call'
  rack (1.4.1) lib/rack/runtime.rb:17:in `call'
  activesupport (3.2.6) lib/active_support/cache/strategy/local_cache.rb:72:in `call'
  rack (1.4.1) lib/rack/lock.rb:15:in `call'
  actionpack (3.2.6) lib/action_dispatch/middleware/static.rb:62:in `call'
  railties (3.2.6) lib/rails/engine.rb:479:in `call'
  railties (3.2.6) lib/rails/application.rb:220:in `call'
  rack (1.4.1) lib/rack/content_length.rb:14:in `call'
  railties (3.2.6) lib/rails/rack/log_tailer.rb:17:in `call'
  rack (1.4.1) lib/rack/handler/webrick.rb:59:in `service'
  /home/exenon/.rvm/rubies/ruby-1.9.3-p194/lib/ruby/1.9.1/webrick/httpserver.rb:138:in `service'
  /home/exenon/.rvm/rubies/ruby-1.9.3-p194/lib/ruby/1.9.1/webrick/httpserver.rb:94:in `run'
  /home/exenon/.rvm/rubies/ruby-1.9.3-p194/lib/ruby/1.9.1/webrick/server.rb:191:in `block in start_thread'


  Rendered /home/exenon/.rvm/gems/ruby-1.9.3-p194/gems/actionpack-3.2.6/lib/action_dispatch/middleware/templates/rescues/_trace.erb (1.8ms)
  Rendered /home/exenon/.rvm/gems/ruby-1.9.3-p194/gems/actionpack-3.2.6/lib/action_dispatch/middleware/templates/rescues/_request_and_response.erb (0.8ms)
  Rendered /home/exenon/.rvm/gems/ruby-1.9.3-p194/gems/actionpack-3.2.6/lib/action_dispatch/middleware/templates/rescues/diagnostics.erb within rescues/layout (7.1ms)


Started GET "/" for 127.0.0.1 at 2012-11-24 15:53:04 +0100
Processing by BaseController#index as HTML
Completed 500 Internal Server Error in 0ms

NoMethodError (undefined method `redirect_url=' for #<Rack::OAuth2::Client:0x007f8ed0e4bc20>):
  app/controllers/base_controller.rb:6:in `index'


  Rendered /home/exenon/.rvm/gems/ruby-1.9.3-p194/gems/actionpack-3.2.6/lib/action_dispatch/middleware/templates/rescues/_trace.erb (2.1ms)
  Rendered /home/exenon/.rvm/gems/ruby-1.9.3-p194/gems/actionpack-3.2.6/lib/action_dispatch/middleware/templates/rescues/_request_and_response.erb (0.9ms)
  Rendered /home/exenon/.rvm/gems/ruby-1.9.3-p194/gems/actionpack-3.2.6/lib/action_dispatch/middleware/templates/rescues/diagnostics.erb within rescues/layout (7.6ms)


Started GET "/" for 127.0.0.1 at 2012-11-24 15:53:25 +0100
Processing by BaseController#index as HTML
Redirected to https://graph.facebook.com/oauth/authorize?client_id=494469310584163&redirect_uri=160.228.153.159%3A3000%2Ffacebook%2Fcallback&response_type=code&scope=email+read_stream+offline_access
Completed 302 Found in 1ms (ActiveRecord: 0.0ms)
